2021-10-26 14:44:36,591 INFO org.springframework.boot.StartupInfoLogger [main] Starting AbstractBotApplication using Java 11.0.9.1 on EPUAKHAW004A with PID 57908 (/Users/Dmytro_Khabaznia/Projects/abstract-bot/build/classes/groovy/main started by Dmytro_Khabaznia in /Users/Dmytro_Khabaznia/Projects/abstract-bot)
2021-10-26 14:44:36,594 INFO org.springframework.boot.SpringApplication [main] No active profile set, falling back to default profiles: default
2021-10-26 14:44:37,321 INFO org.springframework.data.repository.config.RepositoryConfigurationDelegate [main] Bootstrapping Spring Data JPA repositories in DEFAULT mode.
2021-10-26 14:44:37,340 INFO org.springframework.data.repository.config.RepositoryConfigurationDelegate [main] Finished Spring Data repository scanning in 5 ms. Found 0 JPA repository interfaces.
2021-10-26 14:44:37,962 INFO org.springframework.boot.web.embedded.tomcat.TomcatWebServer [main] Tomcat initialized with port(s): 8083 (http)
2021-10-26 14:44:37,976 INFO org.apache.juli.logging.DirectJDKLog [main] Initializing ProtocolHandler ["http-nio-8083"]
2021-10-26 14:44:37,977 INFO org.apache.juli.logging.DirectJDKLog [main] Starting service [Tomcat]
2021-10-26 14:44:37,978 INFO org.apache.juli.logging.DirectJDKLog [main] Starting Servlet engine: [Apache Tomcat/9.0.54]
2021-10-26 14:44:38,068 INFO org.apache.juli.logging.DirectJDKLog [main] Initializing Spring embedded WebApplicationContext
2021-10-26 14:44:38,069 INFO org.springframework.boot.web.servlet.context.ServletWebServerApplicationContext [main] Root WebApplicationContext: initialization completed in 1431 ms
2021-10-26 14:44:39,382 INFO org.springframework.orm.jpa.AbstractEntityManagerFactoryBean [main] Initialized JPA EntityManagerFactory for persistence unit 'default'
2021-10-26 14:44:39,479 WARN org.springframework.boot.autoconfigure.orm.jpa.JpaBaseConfiguration$JpaWebConfiguration [main] spring.jpa.open-in-view is enabled by default. Therefore, database queries may be performed during view rendering. Explicitly configure spring.jpa.open-in-view to disable this warning
2021-10-26 14:44:39,853 INFO org.springframework.boot.actuate.endpoint.web.EndpointLinksResolver [main] Exposing 1 endpoint(s) beneath base path '/actuator'
2021-10-26 14:44:39,876 INFO org.apache.juli.logging.DirectJDKLog [main] Starting ProtocolHandler ["http-nio-8083"]
2021-10-26 14:44:39,898 INFO org.springframework.boot.web.embedded.tomcat.TomcatWebServer [main] Tomcat started on port(s): 8083 (http) with context path ''
2021-10-26 14:44:39,912 INFO org.springframework.boot.StartupInfoLogger [main] Started AbstractBotApplication in 3.768 seconds (JVM running for 35.098)
2021-10-26 14:45:08,601 INFO org.apache.juli.logging.DirectJDKLog [http-nio-8083-exec-1] Initializing Spring DispatcherServlet 'dispatcherServlet'
2021-10-26 14:45:08,602 INFO org.springframework.web.servlet.FrameworkServlet [http-nio-8083-exec-1] Initializing Servlet 'dispatcherServlet'
2021-10-26 14:45:08,603 INFO org.springframework.web.servlet.FrameworkServlet [http-nio-8083-exec-1] Completed initialization in 1 ms
2021-10-26 14:45:40,228 INFO DUMMY$_closure1 [http-nio-8083-exec-1] Hi there
2021-10-26 14:47:15,114 INFO org.springframework.orm.jpa.AbstractEntityManagerFactoryBean [SpringApplicationShutdownHook] Closing JPA EntityManagerFactory for persistence unit 'default'
2021-10-26 14:47:39,663 INFO org.springframework.boot.StartupInfoLogger [main] Starting AbstractBotApplication using Java 11.0.9.1 on EPUAKHAW004A with PID 58096 (/Users/Dmytro_Khabaznia/Projects/abstract-bot/build/classes/groovy/main started by Dmytro_Khabaznia in /Users/Dmytro_Khabaznia/Projects/abstract-bot)
2021-10-26 14:47:39,667 DEBUG org.springframework.boot.StartupInfoLogger [main] Running with Spring Boot v2.5.6, Spring v5.3.12
2021-10-26 14:47:39,667 INFO org.springframework.boot.SpringApplication [main] No active profile set, falling back to default profiles: default
2021-10-26 14:47:41,447 INFO org.springframework.data.repository.config.RepositoryConfigurationDelegate [main] Bootstrapping Spring Data JPA repositories in DEFAULT mode.
2021-10-26 14:47:41,486 INFO org.springframework.data.repository.config.RepositoryConfigurationDelegate [main] Finished Spring Data repository scanning in 10 ms. Found 0 JPA repository interfaces.
2021-10-26 14:47:42,883 INFO org.springframework.boot.web.embedded.tomcat.TomcatWebServer [main] Tomcat initialized with port(s): 8083 (http)
2021-10-26 14:47:42,895 INFO org.apache.juli.logging.DirectJDKLog [main] Initializing ProtocolHandler ["http-nio-8083"]
2021-10-26 14:47:42,896 INFO org.apache.juli.logging.DirectJDKLog [main] Starting service [Tomcat]
2021-10-26 14:47:42,896 INFO org.apache.juli.logging.DirectJDKLog [main] Starting Servlet engine: [Apache Tomcat/9.0.54]
2021-10-26 14:47:43,050 INFO org.apache.juli.logging.DirectJDKLog [main] Initializing Spring embedded WebApplicationContext
2021-10-26 14:47:43,050 INFO org.springframework.boot.web.servlet.context.ServletWebServerApplicationContext [main] Root WebApplicationContext: initialization completed in 3273 ms
2021-10-26 14:47:44,356 INFO org.springframework.orm.jpa.AbstractEntityManagerFactoryBean [main] Initialized JPA EntityManagerFactory for persistence unit 'default'
2021-10-26 14:47:44,464 WARN org.springframework.boot.autoconfigure.orm.jpa.JpaBaseConfiguration$JpaWebConfiguration [main] spring.jpa.open-in-view is enabled by default. Therefore, database queries may be performed during view rendering. Explicitly configure spring.jpa.open-in-view to disable this warning
2021-10-26 14:47:45,042 INFO org.springframework.boot.actuate.endpoint.web.EndpointLinksResolver [main] Exposing 1 endpoint(s) beneath base path '/actuator'
2021-10-26 14:47:45,099 INFO org.apache.juli.logging.DirectJDKLog [main] Starting ProtocolHandler ["http-nio-8083"]
2021-10-26 14:47:45,147 INFO org.springframework.boot.web.embedded.tomcat.TomcatWebServer [main] Tomcat started on port(s): 8083 (http) with context path ''
2021-10-26 14:47:45,172 INFO org.springframework.boot.StartupInfoLogger [main] Started AbstractBotApplication in 7.26 seconds (JVM running for 19.387)
2021-10-26 14:47:48,231 INFO org.apache.juli.logging.DirectJDKLog [http-nio-8083-exec-1] Initializing Spring DispatcherServlet 'dispatcherServlet'
2021-10-26 14:47:48,233 INFO org.springframework.web.servlet.FrameworkServlet [http-nio-8083-exec-1] Initializing Servlet 'dispatcherServlet'
2021-10-26 14:47:48,235 INFO org.springframework.web.servlet.FrameworkServlet [http-nio-8083-exec-1] Completed initialization in 2 ms
2021-10-26 14:47:50,778 DEBUG com.khabaznia.bot.controller.BotRestController [http-nio-8083-exec-1] Hi there
2021-10-26 14:48:30,335 INFO org.springframework.orm.jpa.AbstractEntityManagerFactoryBean [SpringApplicationShutdownHook] Closing JPA EntityManagerFactory for persistence unit 'default'
2021-10-26 14:48:44,000 INFO org.springframework.boot.StartupInfoLogger [main] Starting AbstractBotApplication using Java 11.0.9.1 on EPUAKHAW004A with PID 58195 (/Users/Dmytro_Khabaznia/Projects/abstract-bot/build/classes/groovy/main started by Dmytro_Khabaznia in /Users/Dmytro_Khabaznia/Projects/abstract-bot)
2021-10-26 14:48:44,002 DEBUG org.springframework.boot.StartupInfoLogger [main] Running with Spring Boot v2.5.6, Spring v5.3.12
2021-10-26 14:48:44,002 INFO org.springframework.boot.SpringApplication [main] No active profile set, falling back to default profiles: default
2021-10-26 14:48:44,532 INFO org.springframework.data.repository.config.RepositoryConfigurationDelegate [main] Bootstrapping Spring Data JPA repositories in DEFAULT mode.
2021-10-26 14:48:44,545 INFO org.springframework.data.repository.config.RepositoryConfigurationDelegate [main] Finished Spring Data repository scanning in 3 ms. Found 0 JPA repository interfaces.
2021-10-26 14:48:45,081 INFO org.springframework.boot.web.embedded.tomcat.TomcatWebServer [main] Tomcat initialized with port(s): 8083 (http)
2021-10-26 14:48:45,089 INFO org.apache.juli.logging.DirectJDKLog [main] Initializing ProtocolHandler ["http-nio-8083"]
2021-10-26 14:48:45,089 INFO org.apache.juli.logging.DirectJDKLog [main] Starting service [Tomcat]
2021-10-26 14:48:45,090 INFO org.apache.juli.logging.DirectJDKLog [main] Starting Servlet engine: [Apache Tomcat/9.0.54]
2021-10-26 14:48:45,168 INFO org.apache.juli.logging.DirectJDKLog [main] Initializing Spring embedded WebApplicationContext
2021-10-26 14:48:45,168 INFO org.springframework.boot.web.servlet.context.ServletWebServerApplicationContext [main] Root WebApplicationContext: initialization completed in 1135 ms
2021-10-26 14:48:46,048 INFO org.springframework.orm.jpa.AbstractEntityManagerFactoryBean [main] Initialized JPA EntityManagerFactory for persistence unit 'default'
2021-10-26 14:48:46,098 WARN org.springframework.boot.autoconfigure.orm.jpa.JpaBaseConfiguration$JpaWebConfiguration [main] spring.jpa.open-in-view is enabled by default. Therefore, database queries may be performed during view rendering. Explicitly configure spring.jpa.open-in-view to disable this warning
2021-10-26 14:48:46,373 INFO org.springframework.boot.actuate.endpoint.web.EndpointLinksResolver [main] Exposing 1 endpoint(s) beneath base path '/actuator'
2021-10-26 14:48:46,392 INFO org.apache.juli.logging.DirectJDKLog [main] Starting ProtocolHandler ["http-nio-8083"]
2021-10-26 14:48:46,411 INFO org.springframework.boot.web.embedded.tomcat.TomcatWebServer [main] Tomcat started on port(s): 8083 (http) with context path ''
2021-10-26 14:48:46,424 INFO org.springframework.boot.StartupInfoLogger [main] Started AbstractBotApplication in 2.739 seconds (JVM running for 3.951)
2021-10-26 14:48:57,159 INFO org.apache.juli.logging.DirectJDKLog [http-nio-8083-exec-1] Initializing Spring DispatcherServlet 'dispatcherServlet'
2021-10-26 14:48:57,160 INFO org.springframework.web.servlet.FrameworkServlet [http-nio-8083-exec-1] Initializing Servlet 'dispatcherServlet'
2021-10-26 14:48:57,161 INFO org.springframework.web.servlet.FrameworkServlet [http-nio-8083-exec-1] Completed initialization in 1 ms
2021-10-26 14:48:57,227 DEBUG com.khabaznia.bot.controller.BotRestController [http-nio-8083-exec-1] Hi there
2021-10-26 14:49:01,196 INFO org.springframework.orm.jpa.AbstractEntityManagerFactoryBean [SpringApplicationShutdownHook] Closing JPA EntityManagerFactory for persistence unit 'default'
2021-10-26 14:54:38,841 INFO org.springframework.boot.StartupInfoLogger [main] Starting AbstractBotApplication using Java 11.0.9.1 on EPUAKHAW004A with PID 59320 (/Users/Dmytro_Khabaznia/Projects/abstract-bot/build/classes/groovy/main started by Dmytro_Khabaznia in /Users/Dmytro_Khabaznia/Projects/abstract-bot)
2021-10-26 14:54:38,844 DEBUG org.springframework.boot.StartupInfoLogger [main] Running with Spring Boot v2.5.6, Spring v5.3.12
2021-10-26 14:54:38,844 INFO org.springframework.boot.SpringApplication [main] No active profile set, falling back to default profiles: default
2021-10-26 14:54:39,338 INFO org.springframework.data.repository.config.RepositoryConfigurationDelegate [main] Bootstrapping Spring Data JPA repositories in DEFAULT mode.
2021-10-26 14:54:39,349 INFO org.springframework.data.repository.config.RepositoryConfigurationDelegate [main] Finished Spring Data repository scanning in 3 ms. Found 0 JPA repository interfaces.
2021-10-26 14:54:39,778 INFO org.springframework.boot.web.embedded.tomcat.TomcatWebServer [main] Tomcat initialized with port(s): 8083 (http)
2021-10-26 14:54:39,785 INFO org.apache.juli.logging.DirectJDKLog [main] Initializing ProtocolHandler ["http-nio-8083"]
2021-10-26 14:54:39,785 INFO org.apache.juli.logging.DirectJDKLog [main] Starting service [Tomcat]
2021-10-26 14:54:39,786 INFO org.apache.juli.logging.DirectJDKLog [main] Starting Servlet engine: [Apache Tomcat/9.0.54]
2021-10-26 14:54:39,874 INFO org.apache.juli.logging.DirectJDKLog [main] Initializing Spring embedded WebApplicationContext
2021-10-26 14:54:39,874 INFO org.springframework.boot.web.servlet.context.ServletWebServerApplicationContext [main] Root WebApplicationContext: initialization completed in 999 ms
2021-10-26 14:54:40,659 INFO org.springframework.orm.jpa.AbstractEntityManagerFactoryBean [main] Initialized JPA EntityManagerFactory for persistence unit 'default'
2021-10-26 14:54:40,700 WARN org.springframework.boot.autoconfigure.orm.jpa.JpaBaseConfiguration$JpaWebConfiguration [main] spring.jpa.open-in-view is enabled by default. Therefore, database queries may be performed during view rendering. Explicitly configure spring.jpa.open-in-view to disable this warning
2021-10-26 14:54:40,926 INFO org.springframework.boot.actuate.endpoint.web.EndpointLinksResolver [main] Exposing 1 endpoint(s) beneath base path '/actuator'
2021-10-26 14:54:40,943 INFO org.apache.juli.logging.DirectJDKLog [main] Starting ProtocolHandler ["http-nio-8083"]
2021-10-26 14:54:40,962 INFO org.springframework.boot.web.embedded.tomcat.TomcatWebServer [main] Tomcat started on port(s): 8083 (http) with context path ''
2021-10-26 14:54:40,976 INFO org.springframework.boot.StartupInfoLogger [main] Started AbstractBotApplication in 2.43 seconds (JVM running for 3.608)
2021-10-26 14:54:48,598 INFO org.apache.juli.logging.DirectJDKLog [http-nio-8083-exec-1] Initializing Spring DispatcherServlet 'dispatcherServlet'
2021-10-26 14:54:48,599 INFO org.springframework.web.servlet.FrameworkServlet [http-nio-8083-exec-1] Initializing Servlet 'dispatcherServlet'
2021-10-26 14:54:48,601 INFO org.springframework.web.servlet.FrameworkServlet [http-nio-8083-exec-1] Completed initialization in 1 ms
2021-10-26 14:54:48,666 DEBUG com.khabaznia.bot.controller.BotRestController [http-nio-8083-exec-1] Hi there
2021-10-26 14:54:54,328 INFO org.springframework.orm.jpa.AbstractEntityManagerFactoryBean [SpringApplicationShutdownHook] Closing JPA EntityManagerFactory for persistence unit 'default'
2021-10-26 17:24:20,507 INFO org.springframework.boot.StartupInfoLogger [main] Starting AbstractBotApplication using Java 11.0.9.1 on EPUAKHAW004A with PID 10190 (/Users/Dmytro_Khabaznia/Projects/abstract-bot/build/classes/groovy/main started by Dmytro_Khabaznia in /Users/Dmytro_Khabaznia/Projects/abstract-bot)
2021-10-26 17:24:20,510 DEBUG org.springframework.boot.StartupInfoLogger [main] Running with Spring Boot v2.5.6, Spring v5.3.12
2021-10-26 17:24:20,510 INFO org.springframework.boot.SpringApplication [main] No active profile set, falling back to default profiles: default
2021-10-26 17:24:21,109 INFO org.springframework.data.repository.config.RepositoryConfigurationDelegate [main] Bootstrapping Spring Data JPA repositories in DEFAULT mode.
2021-10-26 17:24:21,126 INFO org.springframework.data.repository.config.RepositoryConfigurationDelegate [main] Finished Spring Data repository scanning in 5 ms. Found 0 JPA repository interfaces.
2021-10-26 17:24:21,596 INFO org.springframework.boot.web.embedded.tomcat.TomcatWebServer [main] Tomcat initialized with port(s): 8083 (http)
2021-10-26 17:24:21,603 INFO org.apache.juli.logging.DirectJDKLog [main] Initializing ProtocolHandler ["http-nio-8083"]
2021-10-26 17:24:21,603 INFO org.apache.juli.logging.DirectJDKLog [main] Starting service [Tomcat]
2021-10-26 17:24:21,603 INFO org.apache.juli.logging.DirectJDKLog [main] Starting Servlet engine: [Apache Tomcat/9.0.54]
2021-10-26 17:24:21,705 INFO org.apache.juli.logging.DirectJDKLog [main] Initializing Spring embedded WebApplicationContext
2021-10-26 17:24:21,705 INFO org.springframework.boot.web.servlet.context.ServletWebServerApplicationContext [main] Root WebApplicationContext: initialization completed in 1167 ms
2021-10-26 17:24:22,705 INFO org.springframework.orm.jpa.AbstractEntityManagerFactoryBean [main] Initialized JPA EntityManagerFactory for persistence unit 'default'
2021-10-26 17:24:22,961 WARN org.springframework.boot.autoconfigure.orm.jpa.JpaBaseConfiguration$JpaWebConfiguration [main] spring.jpa.open-in-view is enabled by default. Therefore, database queries may be performed during view rendering. Explicitly configure spring.jpa.open-in-view to disable this warning
2021-10-26 17:24:23,233 INFO org.springframework.boot.actuate.endpoint.web.EndpointLinksResolver [main] Exposing 1 endpoint(s) beneath base path '/actuator'
2021-10-26 17:24:23,256 INFO org.apache.juli.logging.DirectJDKLog [main] Starting ProtocolHandler ["http-nio-8083"]
2021-10-26 17:24:23,279 INFO org.springframework.boot.web.embedded.tomcat.TomcatWebServer [main] Tomcat started on port(s): 8083 (http) with context path ''
2021-10-26 17:24:23,292 INFO org.springframework.boot.StartupInfoLogger [main] Started AbstractBotApplication in 3.101 seconds (JVM running for 4.698)
2021-10-26 17:24:32,534 INFO org.apache.juli.logging.DirectJDKLog [http-nio-8083-exec-1] Initializing Spring DispatcherServlet 'dispatcherServlet'
2021-10-26 17:24:32,535 INFO org.springframework.web.servlet.FrameworkServlet [http-nio-8083-exec-1] Initializing Servlet 'dispatcherServlet'
2021-10-26 17:24:32,536 INFO org.springframework.web.servlet.FrameworkServlet [http-nio-8083-exec-1] Completed initialization in 1 ms
2021-10-26 17:24:33,570 DEBUG com.khabaznia.bot.controller.BotRestController [http-nio-8083-exec-1] Hi there
2021-10-26 17:25:02,180 DEBUG com.khabaznia.bot.controller.BotRestController [http-nio-8083-exec-2] Hi there
2021-10-26 17:25:02,598 DEBUG com.khabaznia.bot.controller.BotRestController [http-nio-8083-exec-3] Hi there
2021-10-26 17:25:02,995 DEBUG com.khabaznia.bot.controller.BotRestController [http-nio-8083-exec-4] Hi there
2021-10-26 17:25:03,441 DEBUG com.khabaznia.bot.controller.BotRestController [http-nio-8083-exec-5] Hi there
2021-10-26 17:25:03,862 DEBUG com.khabaznia.bot.controller.BotRestController [http-nio-8083-exec-6] Hi there
2021-10-26 17:25:04,310 DEBUG com.khabaznia.bot.controller.BotRestController [http-nio-8083-exec-7] Hi there
2021-10-26 17:25:04,775 DEBUG com.khabaznia.bot.controller.BotRestController [http-nio-8083-exec-8] Hi there
2021-10-26 17:25:05,181 DEBUG com.khabaznia.bot.controller.BotRestController [http-nio-8083-exec-9] Hi there
2021-10-26 17:25:05,561 DEBUG com.khabaznia.bot.controller.BotRestController [http-nio-8083-exec-10] Hi there
2021-10-26 17:25:05,997 DEBUG com.khabaznia.bot.controller.BotRestController [http-nio-8083-exec-1] Hi there
2021-10-26 17:25:06,396 DEBUG com.khabaznia.bot.controller.BotRestController [http-nio-8083-exec-2] Hi there
2021-10-26 17:25:06,797 DEBUG com.khabaznia.bot.controller.BotRestController [http-nio-8083-exec-3] Hi there
2021-10-26 17:25:07,349 DEBUG com.khabaznia.bot.controller.BotRestController [http-nio-8083-exec-4] Hi there
2021-10-26 17:25:07,791 DEBUG com.khabaznia.bot.controller.BotRestController [http-nio-8083-exec-5] Hi there
2021-10-26 17:25:08,231 DEBUG com.khabaznia.bot.controller.BotRestController [http-nio-8083-exec-6] Hi there
2021-10-26 17:25:08,670 DEBUG com.khabaznia.bot.controller.BotRestController [http-nio-8083-exec-7] Hi there
2021-10-26 17:25:09,140 DEBUG com.khabaznia.bot.controller.BotRestController [http-nio-8083-exec-8] Hi there
2021-10-26 17:25:09,618 DEBUG com.khabaznia.bot.controller.BotRestController [http-nio-8083-exec-9] Hi there
2021-10-26 17:25:10,210 DEBUG com.khabaznia.bot.controller.BotRestController [http-nio-8083-exec-10] Hi there
2021-10-26 17:25:10,650 DEBUG com.khabaznia.bot.controller.BotRestController [http-nio-8083-exec-1] Hi there
2021-10-26 17:25:11,107 DEBUG com.khabaznia.bot.controller.BotRestController [http-nio-8083-exec-2] Hi there
2021-10-26 17:25:11,529 DEBUG com.khabaznia.bot.controller.BotRestController [http-nio-8083-exec-3] Hi there
2021-10-26 17:25:11,974 DEBUG com.khabaznia.bot.controller.BotRestController [http-nio-8083-exec-4] Hi there
2021-10-26 17:25:12,419 DEBUG com.khabaznia.bot.controller.BotRestController [http-nio-8083-exec-5] Hi there
2021-10-26 17:25:14,973 DEBUG com.khabaznia.bot.controller.BotRestController [http-nio-8083-exec-6] Hi there
2021-10-26 17:25:15,384 DEBUG com.khabaznia.bot.controller.BotRestController [http-nio-8083-exec-7] Hi there
2021-10-26 17:25:15,802 DEBUG com.khabaznia.bot.controller.BotRestController [http-nio-8083-exec-8] Hi there
2021-10-26 17:25:16,327 DEBUG com.khabaznia.bot.controller.BotRestController [http-nio-8083-exec-9] Hi there
2021-10-26 17:25:16,751 DEBUG com.khabaznia.bot.controller.BotRestController [http-nio-8083-exec-10] Hi there
2021-10-26 17:25:17,230 DEBUG com.khabaznia.bot.controller.BotRestController [http-nio-8083-exec-1] Hi there
2021-10-26 17:25:17,701 DEBUG com.khabaznia.bot.controller.BotRestController [http-nio-8083-exec-2] Hi there
2021-10-26 17:25:18,166 DEBUG com.khabaznia.bot.controller.BotRestController [http-nio-8083-exec-3] Hi there
2021-10-26 17:25:18,692 DEBUG com.khabaznia.bot.controller.BotRestController [http-nio-8083-exec-4] Hi there
2021-10-26 17:25:19,117 DEBUG com.khabaznia.bot.controller.BotRestController [http-nio-8083-exec-5] Hi there
2021-10-26 17:25:19,540 DEBUG com.khabaznia.bot.controller.BotRestController [http-nio-8083-exec-6] Hi there
2021-10-26 17:25:19,927 DEBUG com.khabaznia.bot.controller.BotRestController [http-nio-8083-exec-7] Hi there
2021-10-26 17:25:20,373 DEBUG com.khabaznia.bot.controller.BotRestController [http-nio-8083-exec-8] Hi there
2021-10-26 17:25:20,814 DEBUG com.khabaznia.bot.controller.BotRestController [http-nio-8083-exec-9] Hi there
2021-10-26 17:25:21,275 DEBUG com.khabaznia.bot.controller.BotRestController [http-nio-8083-exec-10] Hi there
2021-10-26 17:25:21,701 DEBUG com.khabaznia.bot.controller.BotRestController [http-nio-8083-exec-1] Hi there
2021-10-26 17:25:22,108 DEBUG com.khabaznia.bot.controller.BotRestController [http-nio-8083-exec-2] Hi there
2021-10-26 17:25:22,539 DEBUG com.khabaznia.bot.controller.BotRestController [http-nio-8083-exec-3] Hi there
2021-10-26 17:25:22,925 DEBUG com.khabaznia.bot.controller.BotRestController [http-nio-8083-exec-4] Hi there
2021-10-26 17:25:23,361 DEBUG com.khabaznia.bot.controller.BotRestController [http-nio-8083-exec-5] Hi there
2021-10-26 17:25:23,793 DEBUG com.khabaznia.bot.controller.BotRestController [http-nio-8083-exec-6] Hi there
2021-10-26 17:25:24,289 DEBUG com.khabaznia.bot.controller.BotRestController [http-nio-8083-exec-7] Hi there
2021-10-26 17:30:01,490 INFO org.springframework.orm.jpa.AbstractEntityManagerFactoryBean [SpringApplicationShutdownHook] Closing JPA EntityManagerFactory for persistence unit 'default'
